2016-12-08 : 
2016-12-08 : 
Successfuly Fetched FacebookData 
2016-12-09 : 
Successfuly Fetched FacebookData 
2016-12-10 : 
Successfuly Fetched FacebookData 
2016-12-11 : 
Successfuly Fetched FacebookData 
2016-12-12 : 
[Errno -2] Name or service not known
2016-12-12 : 
[Errno -2] Name or service not known

2016-12-12 : 
(1062, "Duplicate entry '16336837009-2016-12-12' for key 'PRIMARY'")
Successfuly Fetched FacebookData 
2016-12-12 : 
Successfuly Fetched FacebookData 
2016-12-13 : 
[Errno 101] Network is unreachable
2016-12-13 : 
Successfuly Fetched FacebookData 
2016-12-14 : 
Successfuly Fetched FacebookData 
2016-12-14 : 
(1062, "Duplicate entry '16336837009-2016-12-14' for key 'PRIMARY'")
Successfuly Fetched FacebookData 
2016-12-15 : 
Successfuly Fetched FacebookData 
2016-12-18 : 
Successfuly Fetched FacebookData 
2016-12-19 : 
Successfuly Fetched FacebookData 
2016-12-20 : 
Successfuly Fetched FacebookData 
2016-12-21 : 
Successfuly Fetched FacebookData 
2016-12-22 : 
Successfuly Fetched FacebookData 
2017-01-02 : 
Successfuly Fetched FacebookData 
2017-01-03 : 
Successfuly Fetched FacebookData 
2017-01-04 : 
Successfuly Fetched FacebookData 
2017-01-05 : 
Successfuly Fetched FacebookData 
2017-01-06 : 
Successfuly Fetched FacebookData 
2017-01-07 : 
Successfuly Fetched FacebookData 
2017-01-08 : 
Successfuly Fetched FacebookData 
2017-01-09 : 
Successfuly Fetched FacebookData 
2017-01-10 : 
Successfuly Fetched FacebookData 
2017-01-11 : 
Successfuly Fetched FacebookData 
2017-01-12 : 
Successfuly Fetched FacebookData 
2017-01-13 : 
Successfuly Fetched FacebookData 
2017-01-14 : 
Successfuly Fetched FacebookData 
2017-01-15 : 
Successfuly Fetched FacebookData 
2017-01-16 : 
Successfuly Fetched FacebookData 
2017-01-17 : 
Successfuly Fetched FacebookData 
2017-01-18 : 
Successfuly Fetched FacebookData 
2017-01-19 : 
Successfuly Fetched FacebookData 
2017-01-20 : 
Successfuly Fetched FacebookData 
2017-01-21 : 
Successfuly Fetched FacebookData 
2017-01-22 : 
Successfuly Fetched FacebookData 
2017-01-23 : 
Successfuly Fetched FacebookData 
2017-01-24 : 
Successfuly Fetched FacebookData 
2017-01-25 : 
Successfuly Fetched FacebookData 
2017-01-26 : 
Successfuly Fetched FacebookData 
2017-01-27 : 
Successfuly Fetched FacebookData 
2017-01-28 : 
Successfuly Fetched FacebookData 
2017-01-29 : 
[Errno 101] Network is unreachable
2017-01-30 : 
[Errno 101] Network is unreachable
2017-01-31 : 
Successfuly Fetched FacebookData 
2017-02-01 : 
[Errno 101] Network is unreachable
2017-02-02 : 
[Errno 101] Network is unreachable
2017-02-03 : 
[Errno 101] Network is unreachable
2017-02-04 : 
[Errno 101] Network is unreachable
2017-02-05 : 
[Errno 101] Network is unreachable



2017-02-05 : 
(1062, "Duplicate entry '16336837009-2017-02-05' for key 'PRIMARY'")
Successfuly Fetched FacebookData 
2017-02-05 : 
Successfuly Fetched FacebookData 
2017-02-05 : 
400
Successfuly Fetched FacebookData 
2017-02-05 : 
no host given
Successfuly Fetched FacebookData 
2017-02-05 : 
no host given
Successfuly Fetched FacebookData 
2017-02-05 : 
Successfuly Fetched FacebookData 
2017-02-05 : 
Successfuly Fetched FacebookData 
2017-02-05 : 
2017-02-05 : 
2017-02-05 : 
Successfuly Fetched FacebookData 
2017-02-05 : 
2017-02-05 : 
Successfuly Fetched FacebookData 
2017-02-05 : 
Successfuly Fetched FacebookData 
2017-02-05 : 
Successfuly Fetched FacebookData 
2017-02-05 : 
Successfuly Fetched FacebookData 
2017-02-05 : 
Successfuly Fetched FacebookData 
2017-02-05 : 
2017-02-05 : 
Successfuly Fetched FacebookData 
2017-02-05 : 
Successfuly Fetched FacebookData 
2017-02-05 : 
2017-02-05 : 
2017-02-05 : 
2017-02-05 : 
2017-02-05 : 
2017-02-05 : 
Successfuly Fetched FacebookData 
2017-02-05 : 
Successfuly Fetched FacebookData 
2017-02-05 : 
Successfuly Fetched FacebookData 
2017-02-05 : 
Successfuly Fetched FacebookData 
2017-02-05 : 
Successfuly Fetched FacebookData 
2017-02-05 : 
2017-02-05 : 
Successfuly Fetched FacebookData 
2017-02-05 : 
Successfuly Fetched FacebookData 
2017-02-05 : 
Successfuly Fetched FacebookData 
2017-02-05 : 
Successfuly Fetched FacebookData 
2017-02-05 : 
2017-02-05 : 
Successfuly Fetched FacebookData 
2017-02-06 : 
Successfuly Fetched FacebookData 
2017-02-06 : 
Successfuly Fetched FacebookData 
2017-02-07 : 
Successfuly Fetched FacebookData 
2017-02-08 : 
Successfuly Fetched FacebookData 
2017-02-09 : 
Successfuly Fetched FacebookData 
2017-02-10 : 
Successfuly Fetched FacebookData 
2017-02-11 : 
Successfuly Fetched FacebookData 
2017-02-12 : 
Successfuly Fetched FacebookData 
2017-02-13 : 
Successfuly Fetched FacebookData 
2017-02-14 : 
Successfuly Fetched FacebookData 
2017-02-15 : 
Successfuly Fetched FacebookData 
2017-02-16 : 
Successfuly Fetched FacebookData 
2017-02-17 : 
Successfuly Fetched FacebookData 
2017-02-18 : 
Successfuly Fetched FacebookData 
2017-02-19 : 
Successfuly Fetched FacebookData 
2017-02-19 : 
2017-02-19 : 
Successfuly Fetched FacebookData 
2017-02-19 : 
404
2017-02-19 : 
404
2017-02-19 : 
404
400
400
400
400
400
400
2017-02-19 : 
Successfuly Fetched FacebookData 
2017-02-20 : 
Successfuly Fetched FacebookData 
2017-02-21 : 
Successfuly Fetched FacebookData 
2017-02-22 : 
Successfuly Fetched FacebookData 
2017-02-23 : 
Successfuly Fetched FacebookData 
2017-02-24 : 
Successfuly Fetched FacebookData 
2017-02-25 : 
Successfuly Fetched FacebookData 
2017-02-26 : 
Successfuly Fetched FacebookData 
2017-02-27 : 
Successfuly Fetched FacebookData 
2017-02-28 : 
Successfuly Fetched FacebookData 
2017-03-01 : 
Successfuly Fetched FacebookData 
2017-03-02 : 
Successfuly Fetched FacebookData 
2017-03-03 : 
Successfuly Fetched FacebookData 
2017-03-04 : 
Successfuly Fetched FacebookData 
2017-03-05 : 
Successfuly Fetched FacebookData 
2017-03-06 : 
Successfuly Fetched FacebookData 
2017-03-07 : 
Successfuly Fetched FacebookData 
2017-03-08 : 
Successfuly Fetched FacebookData 
2017-03-09 : 
Successfuly Fetched FacebookData 
2017-03-10 : 
Successfuly Fetched FacebookData 
2017-03-13 : 
Successfuly Fetched FacebookData 
2017-03-14 : 
Successfuly Fetched FacebookData 
2017-03-15 : 
Successfuly Fetched FacebookData 
2017-03-16 : 
Successfuly Fetched FacebookData 
2017-03-17 : 
Successfuly Fetched FacebookData 
2017-03-18 : 
Successfuly Fetched FacebookData 
2017-03-19 : 
Successfuly Fetched FacebookData 
2017-03-20 : 
Successfuly Fetched FacebookData 
2017-03-21 : 
Successfuly Fetched FacebookData 
2017-03-22 : 
Successfuly Fetched FacebookData 
2017-03-23 : 
[Errno 101] Network is unreachable
2017-03-24 : 
Successfuly Fetched FacebookData 
2017-03-25 : 
Successfuly Fetched FacebookData 
2017-03-26 : 
Successfuly Fetched FacebookData 
2017-03-27 : 
Successfuly Fetched FacebookData 
2017-03-28 : 
Successfuly Fetched FacebookData 
2017-03-29 : 
[Errno 101] Network is unreachable
2017-03-30 : 
Successfuly Fetched FacebookData 
2017-04-10 : 
Successfuly Fetched FacebookData 
2017-04-11 : 
Successfuly Fetched FacebookData 
2017-04-12 : 
Successfuly Fetched FacebookData 
2017-04-13 : 
[Errno 101] Network is unreachable
2017-04-14 : 
Successfuly Fetched FacebookData 
2017-04-15 : 
[Errno 101] Network is unreachable
2017-04-16 : 
Successfuly Fetched FacebookData 
2017-04-17 : 
Successfuly Fetched FacebookData 
2017-04-18 : 
Successfuly Fetched FacebookData 
2017-04-19 : 
Successfuly Fetched FacebookData 
2017-04-20 : 
Successfuly Fetched FacebookData 
2017-04-21 : 
Successfuly Fetched FacebookData 
2017-04-22 : 
Successfuly Fetched FacebookData 
2017-04-23 : 
[Errno 101] Network is unreachable
2017-04-24 : 
Successfuly Fetched FacebookData 
2017-04-25 : 
[Errno 101] Network is unreachable
2017-04-26 : 
Successfuly Fetched FacebookData 
2017-04-27 : 
[Errno 101] Network is unreachable
2017-04-28 : 
Successfuly Fetched FacebookData 
2017-04-29 : 
Successfuly Fetched FacebookData 
2017-04-30 : 
Successfuly Fetched FacebookData 
2017-05-01 : 
Successfuly Fetched FacebookData 
2017-05-02 : 
Successfuly Fetched FacebookData 
2017-05-03 : 
Successfuly Fetched FacebookData 
2017-05-04 : 
Successfuly Fetched FacebookData 
2017-05-05 : 
Successfuly Fetched FacebookData 
2017-05-06 : 
[Errno 101] Network is unreachable
2017-05-07 : 
Successfuly Fetched FacebookData 
2017-05-08 : 
Successfuly Fetched FacebookData 
2017-05-09 : 
Successfuly Fetched FacebookData 
2017-05-10 : 
Successfuly Fetched FacebookData 
